<?xml version="1.0" encoding="UTF-8"?>
<!-- Generated by org.testng.reporters.JUnitReportReporter -->
<testsuite skipped="0" hostname="Mriduls-MacBook-Pro.local" name="com.smarttechqa.testNG.TestNGPractice" tests="2" failures="0" timestamp="07 Dec 2022 17:04:07 GMT" time="6.453" errors="0">
  <testcase name="googleSearch" time="2.821" classname="com.smarttechqa.testNG.TestNGPractice"/>
  <testcase name="clickImageButton" time="3.632" classname="com.smarttechqa.testNG.TestNGPractice"/>
</testsuite> <!-- com.smarttechqa.testNG.TestNGPractice -->
